\BOOKMARK [2][-]{subsection.0.1}{Field notes:}{}% 1
\BOOKMARK [1][-]{section.1}{Investigar estes topicos}{}% 2
\BOOKMARK [1][-]{section.2}{KVM}{}% 3
\BOOKMARK [2][-]{subsection.2.1}{kvm tunning}{section.2}% 4
\BOOKMARK [1][-]{section.3}{Qemu}{}% 5
\BOOKMARK [2][-]{subsection.3.1}{Arguments}{section.3}% 6
\BOOKMARK [1][-]{section.4}{Virtualization VS Emulation}{}% 7
\BOOKMARK [1][-]{section.5}{Fine tunning}{}% 8
\BOOKMARK [2][-]{subsection.5.1}{BEST SO FAR}{section.5}% 9
\BOOKMARK [2][-]{subsection.5.2}{BASH SCRIPS}{section.5}% 10
\BOOKMARK [2][-]{subsection.5.3}{BCCBPF Tools}{section.5}% 11
\BOOKMARK [2][-]{subsection.5.4}{Tracing}{section.5}% 12
\BOOKMARK [3][-]{subsubsection.5.4.1}{Tracing QEMU:}{subsection.5.4}% 13
\BOOKMARK [2][-]{subsection.5.5}{No HZ}{section.5}% 14
\BOOKMARK [2][-]{subsection.5.6}{TuneD from redhat? see this}{section.5}% 15
\BOOKMARK [2][-]{subsection.5.7}{mmiotrace}{section.5}% 16
\BOOKMARK [1][-]{section.6}{HOST preparation}{}% 17
\BOOKMARK [2][-]{subsection.6.1}{Multi Threading}{section.6}% 18
\BOOKMARK [2][-]{subsection.6.2}{CPU PINNING\205Affinity}{section.6}% 19
\BOOKMARK [3][-]{subsubsection.6.2.1}{NUMA}{subsection.6.2}% 20
\BOOKMARK [3][-]{subsubsection.6.2.2}{Hyper threading enabled}{subsection.6.2}% 21
\BOOKMARK [3][-]{subsubsection.6.2.3}{IRQ AFFINITY}{subsection.6.2}% 22
\BOOKMARK [2][-]{subsection.6.3}{GPU ISOLATION}{section.6}% 23
\BOOKMARK [2][-]{subsection.6.4}{Memory tunning and Latency}{section.6}% 24
\BOOKMARK [2][-]{subsection.6.5}{HugePages}{section.6}% 25
\BOOKMARK [2][-]{subsection.6.6}{Linux Process Scheduler Tuning}{section.6}% 26
\BOOKMARK [2][-]{subsection.6.7}{CPU governor}{section.6}% 27
\BOOKMARK [2][-]{subsection.6.8}{Cgroups}{section.6}% 28
\BOOKMARK [2][-]{subsection.6.9}{GPU PASSTHROUGH}{section.6}% 29
\BOOKMARK [1][-]{section.7}{Guest tune}{}% 30
\BOOKMARK [1][-]{section.8}{KernelShark Before and After CPU pinning}{}% 31
\BOOKMARK [1][-]{section.9}{Questions that need a response?}{}% 32
\BOOKMARK [1][-]{section.10}{Benchmark tools}{}% 33
\BOOKMARK [1][-]{section.11}{Create snapshot}{}% 34
\BOOKMARK [1][-]{section.12}{Kernel}{}% 35
\BOOKMARK [1][-]{section.13}{Cross compiling}{}% 36
\BOOKMARK [2][-]{subsubsection.13.0.1}{Canadian Cross Compiling}{section.13}% 37
\BOOKMARK [1][-]{section.14}{FLUTTER APP}{}% 38
\BOOKMARK [1][-]{section.15}{Conclusion}{}% 39
\BOOKMARK [1][-]{section.16}{Uteis}{}% 40
