Compiling the CXX compiler identification source file "CMakeCXXCompilerId.cpp" failed.
Compiler: /usr/bin/bcc 
Build flags: 
Id flags:  

The output was:
1
ld86: CMakeCXXCompilerId.cpp has bad magic number


Compilation of the CXX compiler identification source "CMakeCXXCompilerId.cpp" did not produce an executable in "/home/franciscosantos/Desktop/trace-cmd-stable-v2.9/kernel-shark/build/CMakeFiles/3.16.3/CompilerIdCXX".

Compiling the CXX compiler identification source file "CMakeCXXCompilerId.cpp" failed.
Compiler: /usr/bin/bcc 
Build flags: 
Id flags: --c++ 

The output was:
1
warning: unknown option --c++ passed to linker.
usage: ld86 [-03NMdimrstz[-]] [-llib_extension] [-o outfile] [-Ccrtfile]
       [-Llibdir] [-Olibfile] [-Ttextaddr] [-Ddataaddr] [-Hheapsize] infile...


Compiling the CXX compiler identification source file "CMakeCXXCompilerId.cpp" failed.
Compiler: /usr/bin/bcc 
Build flags: 
Id flags: --ec++ 

The output was:
1
warning: unknown option --ec++ passed to linker.
usage: ld86 [-03NMdimrstz[-]] [-llib_extension] [-o outfile] [-Ccrtfile]
       [-Llibdir] [-Olibfile] [-Ttextaddr] [-Ddataaddr] [-Hheapsize] infile...


Compiling the CXX compiler identification source file "CMakeCXXCompilerId.cpp" failed.
Compiler: /usr/bin/bcc 
Build flags: 
Id flags: --target=arm-arm-none-eabi;-mcpu=cortex-m3 

The output was:
1
warning: unknown option --target=arm-arm-none-eabi passed to linker.
warning: unknown option -mcpu=cortex-m3 passed to linker.
usage: ld86 [-03NMdimrstz[-]] [-llib_extension] [-o outfile] [-Ccrtfile]
       [-Llibdir] [-Olibfile] [-Ttextaddr] [-Ddataaddr] [-Hheapsize] infile...


Compiling the CXX compiler identification source file "CMakeCXXCompilerId.cpp" failed.
Compiler: /usr/bin/bcc 
Build flags: 
Id flags:  

The output was:
1
ld86: CMakeCXXCompilerId.cpp has bad magic number


Compilation of the CXX compiler identification source "CMakeCXXCompilerId.cpp" did not produce an executable in "/home/franciscosantos/Desktop/trace-cmd-stable-v2.9/kernel-shark/build/CMakeFiles/3.16.3/CompilerIdCXX".

Compiling the CXX compiler identification source file "CMakeCXXCompilerId.cpp" failed.
Compiler: /usr/bin/bcc 
Build flags: 
Id flags: --c++ 

The output was:
1
warning: unknown option --c++ passed to linker.
usage: ld86 [-03NMdimrstz[-]] [-llib_extension] [-o outfile] [-Ccrtfile]
       [-Llibdir] [-Olibfile] [-Ttextaddr] [-Ddataaddr] [-Hheapsize] infile...


Compiling the CXX compiler identification source file "CMakeCXXCompilerId.cpp" failed.
Compiler: /usr/bin/bcc 
Build flags: 
Id flags: --ec++ 

The output was:
1
warning: unknown option --ec++ passed to linker.
usage: ld86 [-03NMdimrstz[-]] [-llib_extension] [-o outfile] [-Ccrtfile]
       [-Llibdir] [-Olibfile] [-Ttextaddr] [-Ddataaddr] [-Hheapsize] infile...


Compiling the CXX compiler identification source file "CMakeCXXCompilerId.cpp" failed.
Compiler: /usr/bin/bcc 
Build flags: 
Id flags: --target=arm-arm-none-eabi;-mcpu=cortex-m3 

The output was:
1
warning: unknown option --target=arm-arm-none-eabi passed to linker.
warning: unknown option -mcpu=cortex-m3 passed to linker.
usage: ld86 [-03NMdimrstz[-]] [-llib_extension] [-o outfile] [-Ccrtfile]
       [-Llibdir] [-Olibfile] [-Ttextaddr] [-Ddataaddr] [-Hheapsize] infile...


Checking whether the CXX compiler is IAR using "" did not match "IAR .+ Compiler":
Usage: /usr/bin/bcc [-ansi] [-options] [-o output] file [files].
Checking whether the CXX compiler is IAR using "" did not match "IAR .+ Compiler":
Usage: /usr/bin/bcc [-ansi] [-options] [-o output] file [files].
Determining if the CXX compiler works failed with the following output:
Change Dir: /home/franciscosantos/Desktop/trace-cmd-stable-v2.9/kernel-shark/build/CMakeFiles/CMakeTmp

Run Build Command(s):/usr/bin/make cmTC_927d1/fast && /usr/bin/make -f CMakeFiles/cmTC_927d1.dir/build.make CMakeFiles/cmTC_927d1.dir/build
make[1]: Entering directory '/home/franciscosantos/Desktop/trace-cmd-stable-v2.9/kernel-shark/build/CMakeFiles/CMakeTmp'
Building CXX object CMakeFiles/cmTC_927d1.dir/testCXXCompiler.cxx.o
/usr/bin/bcc     -o CMakeFiles/cmTC_927d1.dir/testCXXCompiler.cxx.o -c /home/franciscosantos/Desktop/trace-cmd-stable-v2.9/kernel-shark/build/CMakeFiles/CMakeTmp/testCXXCompiler.cxx
Linking CXX executable cmTC_927d1
/usr/bin/cmake -E cmake_link_script CMakeFiles/cmTC_927d1.dir/link.txt --verbose=1
/usr/bin/bcc       CMakeFiles/cmTC_927d1.dir/testCXXCompiler.cxx.o  -o cmTC_927d1 
ld86: cannot open input file CMakeFiles/cmTC_927d1.dir/testCXXCompiler.cxx.o
make[1]: *** [CMakeFiles/cmTC_927d1.dir/build.make:87: cmTC_927d1] Error 1
make[1]: Leaving directory '/home/franciscosantos/Desktop/trace-cmd-stable-v2.9/kernel-shark/build/CMakeFiles/CMakeTmp'
make: *** [Makefile:121: cmTC_927d1/fast] Error 2



